<?xml version="1.0" encoding="UTF-8"?>
<!-- Generated by org.testng.reporters.JUnitReportReporter -->
<testsuite hostname="DESKTOP-66A5CKT" failures="0" tests="1" name="demo.Pest" time="0.023" errors="0" timestamp="2021-03-26T16:06:00 IST" skipped="0">
  <testcase classname="demo.Pest" name="r" time="0.023"/>
  <system-out>
    <![CDATA[ghj]]>
  </system-out>
</testsuite> <!-- demo.Pest -->
